[ 2016-08-05T09:33:35+08:00 ] 127.0.0.1 /coding/FZU-Career/API/index.php/home/admins.html
INFO: [ app_init ] --START--
INFO: Run Behavior\BuildLiteBehavior [ RunTime:0.000043s ]
INFO: [ app_init ] --END-- [ RunTime:0.002442s ]
INFO: [ app_begin ] --START--
INFO: Run Behavior\ReadHtmlCacheBehavior [ RunTime:0.001102s ]
INFO: [ app_begin ] --END-- [ RunTime:0.001251s ]
NOTIC: [8] Undefined index: password /Applications/MAMP/htdocs/coding/FZU-Career/API/apps/Home/Controller/AdminController.class.php 第 15 行.

[ 2016-08-05T09:34:08+08:00 ] 127.0.0.1 /coding/FZU-Career/API/index.php/home/admins.html
INFO: [ app_init ] --START--
INFO: Run Behavior\BuildLiteBehavior [ RunTime:0.000021s ]
INFO: [ app_init ] --END-- [ RunTime:0.000642s ]
INFO: [ app_begin ] --START--
INFO: Run Behavior\ReadHtmlCacheBehavior [ RunTime:0.000691s ]
INFO: [ app_begin ] --END-- [ RunTime:0.000766s ]
NOTIC: [8] Undefined index: password /Applications/MAMP/htdocs/coding/FZU-Career/API/apps/Home/Controller/AdminController.class.php 第 15 行.

[ 2016-08-05T09:35:10+08:00 ] 127.0.0.1 /coding/FZU-Career/API/index.php/home/admins.html
INFO: [ app_init ] --START--
INFO: Run Behavior\BuildLiteBehavior [ RunTime:0.000023s ]
INFO: [ app_init ] --END-- [ RunTime:0.000716s ]
INFO: [ app_begin ] --START--
INFO: Run Behavior\ReadHtmlCacheBehavior [ RunTime:0.000765s ]
INFO: [ app_begin ] --END-- [ RunTime:0.000845s ]
NOTIC: [8] Uninitialized string offset: 26 /Applications/MAMP/htdocs/coding/FZU-Career/API/apps/Home/Common/functions.php 第 37 行.
NOTIC: [8] Undefined index: password /Applications/MAMP/htdocs/coding/FZU-Career/API/apps/Home/Controller/AdminController.class.php 第 15 行.
ERR: SQLSTATE[HY000] [1049] Unknown database 'FZU-Career'

[ 2016-08-05T09:35:41+08:00 ] 127.0.0.1 /coding/FZU-Career/API/index.php/home/admins.html
INFO: [ app_init ] --START--
INFO: Run Behavior\BuildLiteBehavior [ RunTime:0.000023s ]
INFO: [ app_init ] --END-- [ RunTime:0.000649s ]
INFO: [ app_begin ] --START--
INFO: Run Behavior\ReadHtmlCacheBehavior [ RunTime:0.000751s ]
INFO: [ app_begin ] --END-- [ RunTime:0.000820s ]
NOTIC: [8] Undefined index: password /Applications/MAMP/htdocs/coding/FZU-Career/API/apps/Home/Controller/AdminController.class.php 第 15 行.
SQL: SHOW COLUMNS FROM `fzu_admin` [ RunTime:0.0333s ]
SQL: INSERT INTO `fzu_admin` (`id`,`salt`,`hash`,`last_log_ip`,`last_log_time`) VALUES ('6da474e1-00ac-8c57-5577-94fc5b97acaa','ufmmerdw','e654f1c080662f1752da47992298ec02','127.0.0.1','1470360941') [ RunTime:0.0329s ]

[ 2016-08-05T09:40:47+08:00 ] 127.0.0.1 /coding/FZU-Career/API/index.php/home/admins.html
INFO: [ app_init ] --START--
INFO: Run Behavior\BuildLiteBehavior [ RunTime:0.000023s ]
INFO: [ app_init ] --END-- [ RunTime:0.000645s ]
INFO: [ app_begin ] --START--
INFO: Run Behavior\ReadHtmlCacheBehavior [ RunTime:0.000671s ]
INFO: [ app_begin ] --END-- [ RunTime:0.000751s ]
NOTIC: [8] Undefined index: password /Applications/MAMP/htdocs/coding/FZU-Career/API/apps/Home/Controller/AdminController.class.php 第 15 行.
SQL: SHOW COLUMNS FROM `fzu_admin` [ RunTime:0.0325s ]
SQL: INSERT INTO `fzu_admin` (`id`,`salt`,`hash`,`last_log_ip`,`last_log_time`) VALUES ('308c7ffd-bd15-d465-2101-e4d2a63ceb61','ujewccfo','b5b5796eacd73086d1bda2b92cba27bd','','1470361247') [ RunTime:0.0303s ]

[ 2016-08-05T09:46:40+08:00 ] 127.0.0.1 /coding/FZU-Career/API/index.php/home/admins.html
INFO: [ app_init ] --START--
INFO: Run Behavior\BuildLiteBehavior [ RunTime:0.000021s ]
INFO: [ app_init ] --END-- [ RunTime:0.000608s ]
INFO: [ app_begin ] --START--
INFO: Run Behavior\ReadHtmlCacheBehavior [ RunTime:0.000757s ]
INFO: [ app_begin ] --END-- [ RunTime:0.000852s ]

[ 2016-08-05T09:46:50+08:00 ] 127.0.0.1 /coding/FZU-Career/API/index.php/home/admins.html
INFO: [ app_init ] --START--
INFO: Run Behavior\BuildLiteBehavior [ RunTime:0.000022s ]
INFO: [ app_init ] --END-- [ RunTime:0.000468s ]
INFO: [ app_begin ] --START--
INFO: Run Behavior\ReadHtmlCacheBehavior [ RunTime:0.000458s ]
INFO: [ app_begin ] --END-- [ RunTime:0.000519s ]

[ 2016-08-05T09:47:28+08:00 ] 127.0.0.1 /coding/FZU-Career/API/index.php/home/admins.html
INFO: [ app_init ] --START--
INFO: Run Behavior\BuildLiteBehavior [ RunTime:0.000022s ]
INFO: [ app_init ] --END-- [ RunTime:0.000643s ]
INFO: [ app_begin ] --START--
INFO: Run Behavior\ReadHtmlCacheBehavior [ RunTime:0.000689s ]
INFO: [ app_begin ] --END-- [ RunTime:0.000763s ]
SQL: SHOW COLUMNS FROM `fzu_admin` [ RunTime:0.0312s ]
SQL: INSERT INTO `fzu_admin` (`name`,`tel`,`email`,`id`,`salt`,`hash`) VALUES ('123','15600000000','1@qq.com','7b742d61-ab65-e2a2-6fb8-66f245de74eb','wifizdvw','c23a0d9b7e3a0512fbe7d08635627b9f') [ RunTime:0.0308s ]

